#
# There is insufficient memory for the Java Runtime Environment to continue.
# Native memory allocation (malloc) failed to allocate 131088 bytes for Chunk::new
# Possible reasons:
#   The system is out of physical RAM or swap space
#   In 32 bit mode, the process size limit was hit
# Possible solutions:
#   Reduce memory load on the system
#   Increase physical memory or swap space
#   Check if swap backing store is full
#   Use 64 bit Java on a 64 bit OS
#   Decrease Java heap size (-Xmx/-Xms)
#   Decrease number of Java threads
#   Decrease Java thread stack sizes (-Xss)
#   Set larger code cache with -XX:ReservedCodeCacheSize=
# This output file may be truncated or incomplete.
#
#  Out of Memory Error (allocation.cpp:390), pid=68776, tid=69020
#
# JRE version: Java(TM) SE Runtime Environment (8.0_40-b26) (build 1.8.0_40-b26)
# Java VM: Java HotSpot(TM) 64-Bit Server VM (25.40-b25 mixed mode windows-amd64 compressed oops)
# Failed to write core dump. Minidumps are not enabled by default on client versions of Windows
#

---------------  T H R E A D  ---------------

Current thread (0x0000000014d4f800):  JavaThread "C2 CompilerThread0" daemon [_thread_in_native, id=69020, stack(0x00000000166b0000,0x00000000167b0000)]

Stack: [0x00000000166b0000,0x00000000167b0000]
Native frames: (J=compiled Java code, j=interpreted, Vv=VM code, C=native code)
V  [jvm.dll+0x32b47a]
V  [jvm.dll+0x2797f3]
V  [jvm.dll+0x27a489]
V  [jvm.dll+0x2717a5]
V  [jvm.dll+0xcb9a2]
V  [jvm.dll+0xcbe6c]
V  [jvm.dll+0xcc1c4]
V  [jvm.dll+0x4ea1f0]
V  [jvm.dll+0x4c26ce]
V  [jvm.dll+0x4c3ad3]
V  [jvm.dll+0x4c3da1]
V  [jvm.dll+0x4c4480]
V  [jvm.dll+0x4c467f]
V  [jvm.dll+0x4c4693]
V  [jvm.dll+0x4c4693]
V  [jvm.dll+0x4c4693]
V  [jvm.dll+0x4c4693]
V  [jvm.dll+0x4c4693]
V  [jvm.dll+0x4c4646]
V  [jvm.dll+0x4c4693]
V  [jvm.dll+0x4c4693]
V  [jvm.dll+0x4c4693]
V  [jvm.dll+0x4b9a61]
V  [jvm.dll+0x46baa8]
V  [jvm.dll+0x46ccbe]
V  [jvm.dll+0x4500d2]
V  [jvm.dll+0xa4312]
V  [jvm.dll+0xa4c4f]
V  [jvm.dll+0x241914]
V  [jvm.dll+0x29848a]
C  [msvcr100.dll+0x21d9f]
C  [msvcr100.dll+0x21e3b]
C  [KERNEL32.DLL+0x18102]
C  [ntdll.dll+0x5c574]


Current CompileTask:
C2:  21653 3986   !   4       com.sun.beans.TypeResolver::resolve (274 bytes)


---------------  P R O C E S S  ---------------

Java Threads: ( => current thread )
  0x000000001842d800 JavaThread "File lock request listener" [_thread_in_native, id=69380, stack(0x000000001aa80000,0x000000001ab80000)]
  0x00000000178c3800 JavaThread "Stdin handler" [_thread_blocked, id=69256, stack(0x0000000018b20000,0x0000000018c20000)]
  0x00000000178ba800 JavaThread "Daemon worker" [_thread_in_native, id=69200, stack(0x0000000018a20000,0x0000000018b20000)]
  0x00000000178bd800 JavaThread "Cancel handler" [_thread_blocked, id=69228, stack(0x0000000018920000,0x0000000018a20000)]
  0x000000001785f800 JavaThread "Handler for socket connection from /127.0.0.1:6186 to /127.0.0.1:6187" [_thread_in_native, id=69220, stack(0x0000000018820000,0x0000000018920000)]
  0x000000001785e800 JavaThread "Daemon" [_thread_blocked, id=69212, stack(0x0000000018720000,0x0000000018820000)]
  0x0000000017814800 JavaThread "Incoming local TCP Connector on port 6186" [_thread_in_native, id=69060, stack(0x00000000173b0000,0x00000000174b0000)]
  0x0000000016136800 JavaThread "Service Thread" daemon [_thread_blocked, id=68940, stack(0x00000000169b0000,0x0000000016ab0000)]
  0x0000000014d67000 JavaThread "C1 CompilerThread2" daemon [_thread_blocked, id=68956, stack(0x00000000168b0000,0x00000000169b0000)]
  0x0000000014d5e000 JavaThread "C2 CompilerThread1" daemon [_thread_in_native, id=68976, stack(0x00000000167b0000,0x00000000168b0000)]
=>0x0000000014d4f800 JavaThread "C2 CompilerThread0" daemon [_thread_in_native, id=69020, stack(0x00000000166b0000,0x00000000167b0000)]
  0x00000000160f2800 JavaThread "Attach Listener" daemon [_thread_blocked, id=69016, stack(0x00000000165b0000,0x00000000166b0000)]
  0x0000000014d5c000 JavaThread "Signal Dispatcher" daemon [_thread_blocked, id=69012, stack(0x00000000164b0000,0x00000000165b0000)]
  0x0000000002668000 JavaThread "Finalizer" daemon [_thread_blocked, id=68892, stack(0x0000000015fb0000,0x00000000160b0000)]
  0x000000000265f000 JavaThread "Reference Handler" daemon [_thread_blocked, id=68936, stack(0x0000000015eb0000,0x0000000015fb0000)]
  0x000000000246e800 JavaThread "main" [_thread_blocked, id=68848, stack(0x0000000002470000,0x0000000002570000)]

Other Threads:
  0x0000000014d08000 VMThread [stack: 0x0000000015db0000,0x0000000015eb0000] [id=57252]
  0x000000001614c000 WatcherThread [stack: 0x0000000016ab0000,0x0000000016bb0000] [id=68908]

VM state:not at safepoint (normal execution)

VM Mutex/Monitor currently owned by a thread: None

Heap:
 PSYoungGen      total 109568K, used 37325K [0x00000000eab00000, 0x00000000f4100000, 0x0000000100000000)
  eden space 96256K, 38% used [0x00000000eab00000,0x00000000ecf73698,0x00000000f0900000)
  from space 13312K, 0% used [0x00000000f0900000,0x00000000f0900000,0x00000000f1600000)
  to   space 15360K, 0% used [0x00000000f3200000,0x00000000f3200000,0x00000000f4100000)
 ParOldGen       total 66048K, used 20231K [0x00000000c0000000, 0x00000000c4080000, 0x00000000eab00000)
  object space 66048K, 30% used [0x00000000c0000000,0x00000000c13c1ea8,0x00000000c4080000)
 Metaspace       used 35871K, capacity 36704K, committed 36864K, reserved 1081344K
  class space    used 4814K, capacity 5040K, committed 5120K, reserved 1048576K

Card table byte_map: [0x0000000011a30000,0x0000000011c40000] byte_map_base: 0x0000000011430000

Marking Bits: (ParMarkBitMap*) 0x0000000055f34040
 Begin Bits: [0x00000000121a0000, 0x00000000131a0000)
 End Bits:   [0x00000000131a0000, 0x00000000141a0000)

Polling page: 0x00000000004e0000

CodeCache: size=245760Kb used=14660Kb max_used=14889Kb free=231099Kb
 bounds [0x0000000002670000, 0x0000000003510000, 0x0000000011670000]
 total_blobs=4385 nmethods=3725 adapters=572
 compilation: enabled

Compilation events (10 events):
Event: 20.808 Thread 0x0000000014d67000 4057       1       org.gradle.internal.typeconversion.NotationConverterToNotationParserAdapter$ResultImpl::access$200 (5 bytes)
Event: 20.808 Thread 0x0000000014d67000 nmethod 4057 0x000000000290fa50 code [0x000000000290fba0, 0x000000000290fc90]
Event: 20.838 Thread 0x0000000014d67000 4058       3       java.util.WeakHashMap::put (162 bytes)
Event: 20.840 Thread 0x0000000014d67000 nmethod 4058 0x0000000002dba250 code [0x0000000002dba480, 0x0000000002dbb318]
Event: 20.860 Thread 0x0000000014d67000 4059       3       java.util.TreeMap::getEntryUsingComparator (74 bytes)
Event: 20.860 Thread 0x0000000014d67000 nmethod 4059 0x0000000002947590 code [0x0000000002947720, 0x0000000002947b08]
Event: 20.910 Thread 0x0000000014d67000 4060       3       java.util.Properties$LineReader::readLine (468 bytes)
Event: 20.913 Thread 0x0000000014d67000 nmethod 4060 0x0000000002dc85d0 code [0x0000000002dc8880, 0x0000000002dca228]
Event: 20.914 Thread 0x0000000014d67000 4061       3       java.util.Properties::loadConvert (505 bytes)
Event: 20.915 Thread 0x0000000014d67000 nmethod 4061 0x0000000002ddbbd0 code [0x0000000002ddbdc0, 0x0000000002ddc6d8]

GC Heap History (10 events):
Event: 9.661 GC heap before
{Heap before GC invocations=9 (full 1):
 PSYoungGen      total 59904K, used 50032K [0x00000000eab00000, 0x00000000f0980000, 0x0000000100000000)
  eden space 48128K, 100% used [0x00000000eab00000,0x00000000eda00000,0x00000000eda00000)
  from space 11776K, 16% used [0x00000000eda00000,0x00000000edbdc040,0x00000000ee580000)
  to   space 11264K, 0% used [0x00000000efe80000,0x00000000efe80000,0x00000000f0980000)
 ParOldGen       total 66048K, used 10676K [0x00000000c0000000, 0x00000000c4080000, 0x00000000eab00000)
  object space 66048K, 16% used [0x00000000c0000000,0x00000000c0a6d2d8,0x00000000c4080000)
 Metaspace       used 21161K, capacity 21610K, committed 21888K, reserved 1069056K
  class space    used 2754K, capacity 2889K, committed 2944K, reserved 1048576K
Event: 9.670 GC heap after
Heap after GC invocations=9 (full 1):
 PSYoungGen      total 85504K, used 2656K [0x00000000eab00000, 0x00000000f0c00000, 0x0000000100000000)
  eden space 74240K, 0% used [0x00000000eab00000,0x00000000eab00000,0x00000000ef380000)
  from space 11264K, 23% used [0x00000000efe80000,0x00000000f0118030,0x00000000f0980000)
  to   space 11264K, 0% used [0x00000000ef380000,0x00000000ef380000,0x00000000efe80000)
 ParOldGen       total 66048K, used 10676K [0x00000000c0000000, 0x00000000c4080000, 0x00000000eab00000)
  object space 66048K, 16% used [0x00000000c0000000,0x00000000c0a6d2d8,0x00000000c4080000)
 Metaspace       used 21161K, capacity 21610K, committed 21888K, reserved 1069056K
  class space    used 2754K, capacity 2889K, committed 2944K, reserved 1048576K
}
Event: 12.669 GC heap before
{Heap before GC invocations=10 (full 1):
 PSYoungGen      total 85504K, used 76896K [0x00000000eab00000, 0x00000000f0c00000, 0x0000000100000000)
  eden space 74240K, 100% used [0x00000000eab00000,0x00000000ef380000,0x00000000ef380000)
  from space 11264K, 23% used [0x00000000efe80000,0x00000000f0118030,0x00000000f0980000)
  to   space 11264K, 0% used [0x00000000ef380000,0x00000000ef380000,0x00000000efe80000)
 ParOldGen       total 66048K, used 10676K [0x00000000c0000000, 0x00000000c4080000, 0x00000000eab00000)
  object space 66048K, 16% used [0x00000000c0000000,0x00000000c0a6d2d8,0x00000000c4080000)
 Metaspace       used 26197K, capacity 26730K, committed 27008K, reserved 1073152K
  class space    used 3501K, capacity 3644K, committed 3712K, reserved 1048576K
Event: 12.682 GC heap after
Heap after GC invocations=10 (full 1):
 PSYoungGen      total 85504K, used 9825K [0x00000000eab00000, 0x00000000f2300000, 0x0000000100000000)
  eden space 74240K, 0% used [0x00000000eab00000,0x00000000eab00000,0x00000000ef380000)
  from space 11264K, 87% used [0x00000000ef380000,0x00000000efd18500,0x00000000efe80000)
  to   space 12288K, 0% used [0x00000000f1700000,0x00000000f1700000,0x00000000f2300000)
 ParOldGen       total 66048K, used 10684K [0x00000000c0000000, 0x00000000c4080000, 0x00000000eab00000)
  object space 66048K, 16% used [0x00000000c0000000,0x00000000c0a6f2d8,0x00000000c4080000)
 Metaspace       used 26197K, capacity 26730K, committed 27008K, reserved 1073152K
  class space    used 3501K, capacity 3644K, committed 3712K, reserved 1048576K
}
Event: 16.457 GC heap before
{Heap before GC invocations=11 (full 1):
 PSYoungGen      total 85504K, used 84065K [0x00000000eab00000, 0x00000000f2300000, 0x0000000100000000)
  eden space 74240K, 100% used [0x00000000eab00000,0x00000000ef380000,0x00000000ef380000)
  from space 11264K, 87% used [0x00000000ef380000,0x00000000efd18500,0x00000000efe80000)
  to   space 12288K, 0% used [0x00000000f1700000,0x00000000f1700000,0x00000000f2300000)
 ParOldGen       total 66048K, used 10684K [0x00000000c0000000, 0x00000000c4080000, 0x00000000eab00000)
  object space 66048K, 16% used [0x00000000c0000000,0x00000000c0a6f2d8,0x00000000c4080000)
 Metaspace       used 30392K, capacity 30946K, committed 31104K, reserved 1077248K
  class space    used 4030K, capacity 4192K, committed 4224K, reserved 1048576K
Event: 16.471 GC heap after
Heap after GC invocations=11 (full 1):
 PSYoungGen      total 108544K, used 9157K [0x00000000eab00000, 0x00000000f2300000, 0x0000000100000000)
  eden space 96256K, 0% used [0x00000000eab00000,0x00000000eab00000,0x00000000f0900000)
  from space 12288K, 74% used [0x00000000f1700000,0x00000000f1ff1450,0x00000000f2300000)
  to   space 13312K, 0% used [0x00000000f0900000,0x00000000f0900000,0x00000000f1600000)
 ParOldGen       total 66048K, used 11124K [0x00000000c0000000, 0x00000000c4080000, 0x00000000eab00000)
  object space 66048K, 16% used [0x00000000c0000000,0x00000000c0add308,0x00000000c4080000)
 Metaspace       used 30392K, capacity 30946K, committed 31104K, reserved 1077248K
  class space    used 4030K, capacity 4192K, committed 4224K, reserved 1048576K
}
Event: 20.075 GC heap before
{Heap before GC invocations=12 (full 1):
 PSYoungGen      total 108544K, used 59754K [0x00000000eab00000, 0x00000000f2300000, 0x0000000100000000)
  eden space 96256K, 52% used [0x00000000eab00000,0x00000000edc695c0,0x00000000f0900000)
  from space 12288K, 74% used [0x00000000f1700000,0x00000000f1ff1450,0x00000000f2300000)
  to   space 13312K, 0% used [0x00000000f0900000,0x00000000f0900000,0x00000000f1600000)
 ParOldGen       total 66048K, used 11124K [0x00000000c0000000, 0x00000000c4080000, 0x00000000eab00000)
  object space 66048K, 16% used [0x00000000c0000000,0x00000000c0add308,0x00000000c4080000)
 Metaspace       used 34618K, capacity 35368K, committed 35496K, reserved 1079296K
  class space    used 4633K, capacity 4833K, committed 4864K, reserved 1048576K
Event: 20.098 GC heap after
Heap after GC invocations=12 (full 1):
 PSYoungGen      total 109568K, used 13292K [0x00000000eab00000, 0x00000000f4100000, 0x0000000100000000)
  eden space 96256K, 0% used [0x00000000eab00000,0x00000000eab00000,0x00000000f0900000)
  from space 13312K, 99% used [0x00000000f0900000,0x00000000f15fb228,0x00000000f1600000)
  to   space 15360K, 0% used [0x00000000f3200000,0x00000000f3200000,0x00000000f4100000)
 ParOldGen       total 66048K, used 11308K [0x00000000c0000000, 0x00000000c4080000, 0x00000000eab00000)
  object space 66048K, 17% used [0x00000000c0000000,0x00000000c0b0b328,0x00000000c4080000)
 Metaspace       used 34618K, capacity 35368K, committed 35496K, reserved 1079296K
  class space    used 4633K, capacity 4833K, committed 4864K, reserved 1048576K
}
Event: 20.098 GC heap before
{Heap before GC invocations=13 (full 2):
 PSYoungGen      total 109568K, used 13292K [0x00000000eab00000, 0x00000000f4100000, 0x0000000100000000)
  eden space 96256K, 0% used [0x00000000eab00000,0x00000000eab00000,0x00000000f0900000)
  from space 13312K, 99% used [0x00000000f0900000,0x00000000f15fb228,0x00000000f1600000)
  to   space 15360K, 0% used [0x00000000f3200000,0x00000000f3200000,0x00000000f4100000)
 ParOldGen       total 66048K, used 11308K [0x00000000c0000000, 0x00000000c4080000, 0x00000000eab00000)
  object space 66048K, 17% used [0x00000000c0000000,0x00000000c0b0b328,0x00000000c4080000)
 Metaspace       used 34618K, capacity 35368K, committed 35496K, reserved 1079296K
  class space    used 4633K, capacity 4833K, committed 4864K, reserved 1048576K
Event: 20.243 GC heap after
Heap after GC invocations=13 (full 2):
 PSYoungGen      total 109568K, used 0K [0x00000000eab00000, 0x00000000f4100000, 0x0000000100000000)
  eden space 96256K, 0% used [0x00000000eab00000,0x00000000eab00000,0x00000000f0900000)
  from space 13312K, 0% used [0x00000000f0900000,0x00000000f0900000,0x00000000f1600000)
  to   space 15360K, 0% used [0x00000000f3200000,0x00000000f3200000,0x00000000f4100000)
 ParOldGen       total 66048K, used 20231K [0x00000000c0000000, 0x00000000c4080000, 0x00000000eab00000)
  object space 66048K, 30% used [0x00000000c0000000,0x00000000c13c1ea8,0x00000000c4080000)
 Metaspace       used 34599K, capacity 35346K, committed 35496K, reserved 1079296K
  class space    used 4627K, capacity 4827K, committed 4864K, reserved 1048576K
}

Deoptimization events (10 events):
Event: 20.244 Thread 0x0000000002668000 Uncommon trap: reason=unstable_if action=reinterpret pc=0x0000000002f393f4 method=java.util.WeakHashMap.remove(Ljava/lang/Object;)Ljava/lang/Object; @ 67
Event: 20.334 Thread 0x00000000178ba800 Uncommon trap: reason=unstable_if action=reinterpret pc=0x0000000002b704c8 method=java.lang.String.contains(Ljava/lang/CharSequence;)Z @ 11
Event: 20.566 Thread 0x00000000178ba800 Uncommon trap: reason=bimorphic action=maybe_recompile pc=0x00000000034e5cec method=java.util.regex.Pattern$Curly.match0(Ljava/util/regex/Matcher;IILjava/lang/CharSequence;)Z @ 170
Event: 20.566 Thread 0x00000000178ba800 Uncommon trap: reason=bimorphic action=maybe_recompile pc=0x00000000034e5a40 method=java.util.regex.Pattern$Curly.match(Ljava/util/regex/Matcher;ILjava/lang/CharSequence;)Z @ 19
Event: 20.566 Thread 0x00000000178ba800 Uncommon trap: reason=bimorphic action=maybe_recompile pc=0x00000000034e5a40 method=java.util.regex.Pattern$Curly.match(Ljava/util/regex/Matcher;ILjava/lang/CharSequence;)Z @ 19
Event: 20.566 Thread 0x00000000178ba800 Uncommon trap: reason=bimorphic action=maybe_recompile pc=0x00000000034e5a40 method=java.util.regex.Pattern$Curly.match(Ljava/util/regex/Matcher;ILjava/lang/CharSequence;)Z @ 19
Event: 20.661 Thread 0x00000000178ba800 Uncommon trap: reason=unstable_if action=reinterpret pc=0x000000000343d670 method=java.util.WeakHashMap.eq(Ljava/lang/Object;Ljava/lang/Object;)Z @ 10
Event: 20.913 Thread 0x00000000178ba800 Uncommon trap: reason=unstable_if action=reinterpret pc=0x00000000033f9df4 method=java.util.Properties.loadConvert([CII[C)Ljava/lang/String; @ 445
Event: 20.916 Thread 0x00000000178ba800 Uncommon trap: reason=bimorphic action=maybe_recompile pc=0x00000000034e5cec method=java.util.regex.Pattern$Curly.match0(Ljava/util/regex/Matcher;IILjava/lang/CharSequence;)Z @ 170
Event: 20.916 Thread 0x00000000178ba800 Uncommon trap: reason=bimorphic action=maybe_recompile pc=0x00000000034e5a40 method=java.util.regex.Pattern$Curly.match(Ljava/util/regex/Matcher;ILjava/lang/CharSequence;)Z @ 19

Internal exceptions (10 events):
Event: 20.785 Thread 0x00000000178ba800 Exception <a 'java/lang/ClassNotFoundException': org/gradle/api/internal/file/FileTreeInternalBeanInfo> (0x00000000ec890cd8) thrown at [D:\re\workspace\8-2-build-windows-amd64-cygwin\jdk8u40\3098\hotspot\src\share\vm\classfile\systemDictionary.cpp, line 21"é«Ã”É4@
Event: 20.787 Thread 0x00000000178ba800 Exception <a 'java/lang/ClassNotFoundException': org/gradle/api/internal/file/FileTreeInternalCustomizer> (0x00000000ec8b49d0) thrown at [D:\re\workspace\8-2-build-windows-amd64-cygwin\jdk8u40\3098\hotspot\src\share\vm\classfile\systemDictionary.cpp, line ’¼ñ{'Ê4@
Event: 20.790 Thread 0x00000000178ba800 Exception <a 'java/lang/ClassNotFoundException': org/gradle/api/file/FileTreeBeanInfo> (0x00000000ec8df780) thrown at [D:\re\workspace\8-2-build-windows-amd64-cygwin\jdk8u40\3098\hotspot\src\share\vm\classfile\systemDictionary.cpp, line 210]
Event: 20.790 Thread 0x00000000178ba800 Exception <a 'java/lang/ClassNotFoundException': org/gradle/api/file/FileTreeCustomizer> (0x00000000ec8fc0e0) thrown at [D:\re\workspace\8-2-build-windows-amd64-cygwin\jdk8u40\3098\hotspot\src\share\vm\classfile\systemDictionary.cpp, line 210]
Event: 20.792 Thread 0x00000000178ba800 Exception <a 'java/lang/ClassNotFoundException': org/gradle/api/file/ConfigurableFileTreeBeanInfo> (0x00000000ec930458) thrown at [D:\re\workspace\8-2-build-windows-amd64-cygwin\jdk8u40\3098\hotspot\src\share\vm\classfile\systemDictionary.cpp, line 210]
Event: 20.794 Thread 0x00000000178ba800 Exception <a 'java/lang/ClassNotFoundException': org/gradle/api/file/ConfigurableFileTreeCustomizer> (0x00000000ec951538) thrown at [D:\re\workspace\8-2-build-windows-amd64-cygwin\jdk8u40\3098\hotspot\src\share\vm\classfile\systemDictionary.cpp, line 210]
Event: 20.795 Thread 0x00000000178ba800 Exception <a 'java/lang/ClassNotFoundException': org/gradle/api/file/DirectoryTreeBeanInfo> (0x00000000ec981dd8) thrown at [D:\re\workspace\8-2-build-windows-amd64-cygwin\jdk8u40\3098\hotspot\src\share\vm\classfile\systemDictionary.cpp, line 210]
Event: 20.796 Thread 0x00000000178ba800 Exception <a 'java/lang/ClassNotFoundException': org/gradle/api/file/DirectoryTreeCustomizer> (0x00000000ec9a1328) thrown at [D:\re\workspace\8-2-build-windows-amd64-cygwin\jdk8u40\3098\hotspot\src\share\vm\classfile\systemDictionary.cpp, line 210]
Event: 20.798 Thread 0x00000000178ba800 Exception <a 'java/lang/ClassNotFoundException': org/gradle/api/tasks/util/PatternFilterableBeanInfo> (0x00000000ec9d2228) thrown at [D:\re\workspace\8-2-build-windows-amd64-cygwin\jdk8u40\3098\hotspot\src\share\vm\classfile\systemDictionary.cpp, line 210]Ü!ÿ=ŠÌ4@
Event: 20.799 Thread 0x00000000178ba800 Exception <a 'java/lang/ClassNotFoundException': org/gradle/api/tasks/util/PatternFilterableCustomizer> (0x00000000ec9f5650) thrown at [D:\re\workspace\8-2-build-windows-amd64-cygwin\jdk8u40\3098\hotspot\src\share\vm\classfile\systemDictionary.cpp, line 21cæyÉ4@

Events (10 events):
Event: 20.921 loading class com/android/sdklib/repository/descriptors/PkgDesc$Builder$3
Event: 20.921 loading class com/android/sdklib/repository/descriptors/PkgDesc$Builder$3 done
Event: 20.921 loading class com/android/sdklib/repository/descriptors/PkgDesc
Event: 20.921 loading class com/android/sdklib/repository/descriptors/PkgDesc done
Event: 20.924 loading class com/android/sdklib/repository/FullRevision$PreviewComparison
Event: 20.924 loading class com/android/sdklib/repository/FullRevision$PreviewComparison done
Event: 20.925 loading class com/android/sdklib/repository/FullRevision$1
Event: 20.927 loading class com/android/sdklib/repository/FullRevision$1 done
Event: 20.928 loading class com/google/common/collect/AbstractMapBasedMultimap$WrappedSet
Event: 20.928 loading class com/google/common/collect/AbstractMapBasedMultimap$WrappedSet done


Dynamic libraries:
0x00007ff76ec70000 - 0x00007ff76eca7000 	C:\Program Files\Java\jdk1.8.0_40\bin\java.exe
0x00007ff9ec2e0000 - 0x00007ff9ec4a1000 	C:\WINDOWS\SYSTEM32\ntdll.dll
0x00007ff9ebc30000 - 0x00007ff9ebcdd000 	C:\WINDOWS\system32\KERNEL32.DLL
0x00007ff9e9000000 - 0x00007ff9e91e8000 	C:\WINDOWS\system32\KERNELBASE.dll
0x00007ff9ebb80000 - 0x00007ff9ebc27000 	C:\WINDOWS\system32\ADVAPI32.dll
0x00007ff9ebae0000 - 0x00007ff9ebb7d000 	C:\WINDOWS\system32\msvcrt.dll
0x00007ff9eac50000 - 0x00007ff9eacab000 	C:\WINDOWS\system32\sechost.dll
0x00007ff9e9520000 - 0x00007ff9e963c000 	C:\WINDOWS\system32\RPCRT4.dll
0x00007ff9ebd50000 - 0x00007ff9ebea6000 	C:\WINDOWS\system32\USER32.dll
0x00007ff9eb910000 - 0x00007ff9eba96000 	C:\WINDOWS\system32\GDI32.dll
0x00007ff9dcb50000 - 0x00007ff9dcdc4000 	C:\WINDOWS\WinSxS\amd64_microsoft.windows.common-controls_6595b64144ccf1df_6.0.10586.0_none_8c15ae12515e1c22\COMCTL32.dll
0x00007ff9eb530000 - 0x00007ff9eb7ad000 	C:\WINDOWS\system32\combase.dll
0x00007ff9e8790000 - 0x00007ff9e87fa000 	C:\WINDOWS\system32\bcryptPrimitives.dll
0x00007ff9ebaa0000 - 0x00007ff9ebadb000 	C:\WINDOWS\system32\IMM32.DLL
0x00000000552b0000 - 0x0000000055382000 	C:\Program Files\Java\jdk1.8.0_40\jre\bin\msvcr100.dll
0x0000000055730000 - 0x0000000055fb3000 	C:\Program Files\Java\jdk1.8.0_40\jre\bin\server\jvm.dll
0x00007ff9e9480000 - 0x00007ff9e94a3000 	C:\WINDOWS\system32\WINMM.dll
0x00007ff9e8700000 - 0x00007ff9e872c000 	C:\WINDOWS\system32\WINMMBASE.dll
0x00007ff9db020000 - 0x00007ff9db029000 	C:\WINDOWS\SYSTEM32\WSOCK32.dll
0x00007ff9e94d0000 - 0x00007ff9e9513000 	C:\WINDOWS\system32\cfgmgr32.dll
0x00007ff9ebeb0000 - 0x00007ff9ebeb8000 	C:\WINDOWS\system32\PSAPI.DLL
0x00007ff9eb240000 - 0x00007ff9eb2ab000 	C:\WINDOWS\system32\WS2_32.dll
0x00007ff9e6ee0000 - 0x00007ff9e6eea000 	C:\WINDOWS\SYSTEM32\VERSION.dll
0x0000000055720000 - 0x000000005572f000 	C:\Program Files\Java\jdk1.8.0_40\jre\bin\verify.dll
0x00000000556f0000 - 0x0000000055719000 	C:\Program Files\Java\jdk1.8.0_40\jre\bin\java.dll
0x00000000556d0000 - 0x00000000556e6000 	C:\Program Files\Java\jdk1.8.0_40\jre\bin\zip.dll
0x00007ff9e9640000 - 0x00007ff9eab9c000 	C:\WINDOWS\system32\SHELL32.dll
0x00007ff9e88f0000 - 0x00007ff9e8f35000 	C:\WINDOWS\system32\windows.storage.dll
0x00007ff9eb7d0000 - 0x00007ff9eb822000 	C:\WINDOWS\system32\shlwapi.dll
0x00007ff9e86f0000 - 0x00007ff9e86ff000 	C:\WINDOWS\system32\kernel.appcore.dll
0x00007ff9e93c0000 - 0x00007ff9e9475000 	C:\WINDOWS\system32\shcore.dll
0x00007ff9e8740000 - 0x00007ff9e878b000 	C:\WINDOWS\system32\powrprof.dll
0x00007ff9e86d0000 - 0x00007ff9e86e4000 	C:\WINDOWS\system32\profapi.dll
0x00000000556b0000 - 0x00000000556ca000 	C:\Program Files\Java\jdk1.8.0_40\jre\bin\net.dll
0x00007ff9e8000000 - 0x00007ff9e805c000 	C:\WINDOWS\system32\mswsock.dll
0x0000000055690000 - 0x00000000556a1000 	C:\Program Files\Java\jdk1.8.0_40\jre\bin\nio.dll
0x00007ff9dc5e0000 - 0x00007ff9dc5f2000 	C:\Users\shiweixian\.gradle\native\19\windows-amd64\native-platform.dll
0x00007ff9e67e0000 - 0x00007ff9e6818000 	C:\WINDOWS\SYSTEM32\IPHLPAPI.DLL
0x00007ff9ebce0000 - 0x00007ff9ebce8000 	C:\WINDOWS\system32\NSI.dll
0x00007ff9e09a0000 - 0x00007ff9e09b6000 	C:\WINDOWS\SYSTEM32\dhcpcsvc6.DLL
0x00007ff9e0980000 - 0x00007ff9e099a000 	C:\WINDOWS\SYSTEM32\dhcpcsvc.DLL
0x00007ff9e80b0000 - 0x00007ff9e80c7000 	C:\WINDOWS\SYSTEM32\CRYPTSP.dll
0x00007ff9e7d40000 - 0x00007ff9e7d74000 	C:\WINDOWS\system32\rsaenh.dll
0x00007ff9e8600000 - 0x00007ff9e8629000 	C:\WINDOWS\SYSTEM32\bcrypt.dll
0x00007ff9e7e90000 - 0x00007ff9e7eaf000 	C:\WINDOWS\SYSTEM32\USERENV.dll
0x00007ff9e81d0000 - 0x00007ff9e81db000 	C:\WINDOWS\SYSTEM32\CRYPTBASE.dll
0x0000000055490000 - 0x000000005549d000 	C:\Program Files\Java\jdk1.8.0_40\jre\bin\management.dll
0x00007ff9d0a40000 - 0x00007ff9d0bcc000 	C:\WINDOWS\SYSTEM32\dbghelp.dll

VM Arguments:
jvm_args: -XX:MaxPermSize=256m -XX:+HeapDumpOnOutOfMemoryError -Xmx1024m -Dfile.encoding=GBK -Duser.country=CN -Duser.language=zh -Duser.variant 
java_command: org.gradle.launcher.daemon.bootstrap.GradleDaemon 2.8
java_class_path (initial): D:\Android Studio2\gradle\gradle-2.8\lib\gradle-launcher-2.8.jar
Launcher Type: SUN_STANDARD

Environment Variables:
JAVA_HOME=C:\Program Files\Java\jdk1.8.0_40
CLASSPATH=.;JAVA_HOME%\bin;C:\Program Files\Java\jdk1.8.0_40\lib\tools.jar
PATH=C:\Program Files (x86)\Common Files\NetSarang;D:\Python27\;D:\Python27\Scripts;C:\ProgramData\Oracle\Java\javapath;C:\Program Files\Common Files\Microsoft Shared\Windows Live;C:\Program Files (x86)\Common Files\Microsoft Shared\Windows Live;C:\Program Files (x86)\Intel\iCLS Client\;C:\Program Files\Intel\iCLS Client\;C:\WINDOWS\system32;C:\WINDOWS;C:\WINDOWS\System32\Wbem;C:\WINDOWS\System32\WindowsPowerShell\v1.0\;C:\Program Files\Intel\WiFi\bin\;C:\Program Files\Common Files\Intel\WirelessCommon\;C:\Program Files (x86)\ATI Technologies\ATI.ACE\Core-Static;C:\Program Files (x86)\Windows Live\Shared;C:\Program Files\Java\jdk1.8.0_40\bin;C:\Program Files\Java\jdk1.8.0_40\jre\bin;D:\apache-tomcat-7.0.62\lib;D:\apache-tomcat-7.0.62\bin;C:\Program Files\Microsoft SQL Server\110\Tools\Binn\;C:\Program Files\Microsoft SQL Server\120\Tools\Binn\;C:\Program Files (x86)\Autodesk\Backburner\;D:\AndroidSdk\android-sdk\platform-tools;C:\Python27;D:\php-5.6.10-Win32-VC11-x86;D:\php-5.6.10-Win32-VC11-x86\ext;C:\Program Files\TortoiseSVN\bin;C:\MinGW\bin;C:\Program Files\Intel\Intel(R) Management Engine Components\DAL;C:\Program Files\Intel\Intel(R) Management Engine Components\IPT;C:\Program Files (x86)\Intel\Intel(R) Management Engine Components\DAL;C:\Program Files (x86)\Intel\Intel(R) Management Engine Components\IPT;C:\Program Files (x86)\Git\cmd;C:\WINDOWS\system32\config\systemprofile\.dnx\bin;C:\Program Files\Microsoft DNX\Dnvm\;C:\Program Files (x86)\Windows Kits\8.1\Windows Performance Toolkit\;C:\Program Files (x86)\Microsoft SDKs\TypeScript\1.0\;D:\MySQL\MySQL Server 5.6\bin;E:\Program Files\Go\bin;E:\Program Files\Go\bin;D:\wamp\bin\mysql\mysql5.6.17\bin;C:\Program Files\Intel\WiFi\bin\;C:\Program Files\Common Files\Intel\WirelessCommon\
USERNAME=shiweixian
OS=Windows_NT
PROCESSOR_IDENTIFIER=Intel64 Family 6 Model 69 Stepping 1, GenuineIntel



---------------  S Y S T E M  ---------------

OS: Windows 10.0 , 64 bit Build 10586 (10.0.10586.0)

CPU:total 4 (2 cores per cpu, 2 threads per core) family 6 model 69 stepping 1, cmov, cx8, fxsr, mmx, sse, sse2, sse3, ssse3, sse4.1, sse4.2, popcnt, avx, avx2, aes, clmul, erms, lzcnt, ht, tsc, tscinvbit, bmi1, bmi2

Memory: 4k page, physical 8274284k(1364864k free), swap 8291692k(3832k free)

vm_info: Java HotSpot(TM) 64-Bit Server VM (25.40-b25) for windows-amd64 JRE (1.8.0_40-b26), built on Mar  7 2015 13:51:59 by "java_re" with MS VC++ 10.0 (VS2010)

time: Wed Feb 17 22:17:41 2016
elapsed time: 21 seconds (0d 0h 0m 21s)

